#
# A fatal error has been detected by the Java Runtime Environment:
#
#  EXCEPTION_ACCESS_VIOLATION (0xc0000005) at pc=0x00000000034fab23, pid=4840, tid=0x0000000000002b2c
#
# JRE version: Java(TM) SE Runtime Environment (8.0_121-b13) (build 1.8.0_121-b13)
# Java VM: Java HotSpot(TM) 64-Bit Server VM (25.121-b13 mixed mode windows-amd64 compressed oops)
# Problematic frame:
# J 1094 C2 org.bytedeco.javacv.Java2DFrameConverter.flipCopyWithGamma(Ljava/nio/ByteBuffer;ILjava/nio/ByteBuffer;IZDZI)V (608 bytes) @ 0x00000000034fab23 [0x00000000034fa6c0+0x463]
#
# Failed to write core dump. Minidumps are not enabled by default on client versions of Windows
#
# If you would like to submit a bug report, please visit:
#   http://bugreport.java.com/bugreport/crash.jsp
#

---------------  T H R E A D  ---------------

Current thread (0x0000000018595800):  JavaThread "VideoManager" [_thread_in_Java, id=11052, stack(0x000000001a6e0000,0x000000001a7e0000)]

siginfo: ExceptionCode=0xc0000005, reading address 0x000000002def5000

Registers:
RAX=0x00000000e0803860, RBX=0x0000000000000000, RCX=0x000000000000061f, RDX=0x00000000000a8c00
RSP=0x000000001a7de970, RBP=0x00000000e0803820, RSI=0x000000002def49e0, RDI=0x000000000000077f
R8 =0x0000000000000620, R9 =0x00000000a1843348, R10=0x00000000000a8c00, R11=0x0000000000000620
R12=0x0000000000000000, R13=0x0000000000000620, R14=0x000000000000061f, R15=0x0000000018595800
RIP=0x00000000034fab23, EFLAGS=0x0000000000010207

Top of Stack: (sp=0x000000001a7de970)
0x000000001a7de970:   00000000e0803860 0000000000000000
0x000000001a7de980:   0000000000000000 2000873420005286
0x000000001a7de990:   0000078000000000 00000000e0803820
0x000000001a7de9a0:   3ff0000000000000 00000000e0803860
0x000000001a7de9b0:   0000078000000780 00000000e0803890
0x000000001a7de9c0:   000186a000000000 00000000000a8c00
0x000000001a7de9d0:   00000000a1caa298 0000000800000004
0x000000001a7de9e0:   000000001a7defb0 000000000367cdf4
0x000000001a7de9f0:   0000ecd900000000 0000000018595800
0x000000001a7dea00:   000000002def49e0 0000000018360868
0x000000001a7dea10:   0000000018595800 000000001a7deb48
0x000000001a7dea20:   0000000018595800 00000000185959f8
0x000000001a7dea30:   0000000018a70f40 000000006c2ea0b8
0x000000001a7dea40:   00000000185959f8 00000001000439a0
0x000000001a7dea50:   000000001a7debc0 00000001000439a0
0x000000001a7dea60:   0000000018360868 000000001a7deab0 

Instructions: (pc=0x00000000034fab23)
0x00000000034fab03:   3b 6c 24 58 0f 8d 2d 01 00 00 45 8b dd 41 ff c3
0x00000000034fab13:   4c 8b 44 24 28 45 89 58 18 44 8b 58 18 4d 63 c5
0x00000000034fab23:   46 0f be 04 06 45 3b da 0f 8d 7d 01 00 00 41 8b
0x00000000034fab33:   cb 03 cb 41 ff c3 44 89 58 18 3b ca 0f 83 b3 00 


Register to memory mapping:

RAX=0x00000000e0803860 is an oop
java.nio.HeapByteBuffer 
 - klass: 'java/nio/HeapByteBuffer'
RBX=0x0000000000000000 is an unknown value
RCX=0x000000000000061f is an unknown value
RDX=0x00000000000a8c00 is an unknown value
RSP=0x000000001a7de970 is pointing into the stack for thread: 0x0000000018595800
RBP=0x00000000e0803820 is an oop
java.nio.DirectByteBuffer 
 - klass: 'java/nio/DirectByteBuffer'
RSI=0x000000002def49e0 is an unknown value
RDI=0x000000000000077f is an unknown value
R8 =0x0000000000000620 is an unknown value
R9 =0x00000000a1843348 is an oop
[B 
 - klass: {type array byte}
 - length: 691200
R10=0x00000000000a8c00 is an unknown value
R11=0x0000000000000620 is an unknown value
R12=0x0000000000000000 is an unknown value
R13=0x0000000000000620 is an unknown value
R14=0x000000000000061f is an unknown value
R15=0x0000000018595800 is a thread


Stack: [0x000000001a6e0000,0x000000001a7e0000],  sp=0x000000001a7de970,  free space=1018k
Native frames: (J=compiled Java code, j=interpreted, Vv=VM code, C=native code)
C  0x00000000034fab23


---------------  P R O C E S S  ---------------

Java Threads: ( => current thread )
  0x0000000019326000 JavaThread "Thread-8" [_thread_in_native, id=5188, stack(0x000000001d010000,0x000000001d110000)]
  0x0000000019321800 JavaThread "Thread-7" [_thread_in_native, id=4576, stack(0x000000001cd10000,0x000000001ce10000)]
  0x0000000019320000 JavaThread "Thread-6" [_thread_in_native, id=5612, stack(0x000000001cc10000,0x000000001cd10000)]
  0x0000000019325800 JavaThread "pool-1-thread-4" [_thread_blocked, id=6312, stack(0x0000000021c40000,0x0000000021d40000)]
  0x0000000019324800 JavaThread "pool-1-thread-3" [_thread_blocked, id=10504, stack(0x0000000021b40000,0x0000000021c40000)]
  0x0000000019322800 JavaThread "pool-1-thread-2" [_thread_blocked, id=10492, stack(0x0000000021a40000,0x0000000021b40000)]
  0x00000000199b0000 JavaThread "pool-1-thread-1" [_thread_blocked, id=5240, stack(0x0000000021940000,0x0000000021a40000)]
  0x0000000002ff4000 JavaThread "DestroyJavaVM" [_thread_blocked, id=7896, stack(0x0000000002d00000,0x0000000002e00000)]
  0x0000000018d23800 JavaThread "AWT-EventQueue-0" [_thread_blocked, id=11040, stack(0x000000001bb10000,0x000000001bc10000)]
  0x0000000019497000 JavaThread "AWT-Windows" daemon [_thread_in_native, id=7016, stack(0x000000001b400000,0x000000001b500000)]
  0x0000000019496000 JavaThread "AWT-Shutdown" [_thread_blocked, id=872, stack(0x000000001b300000,0x000000001b400000)]
  0x0000000019493800 JavaThread "Java2D Disposer" daemon [_thread_blocked, id=9220, stack(0x000000001b200000,0x000000001b300000)]
=>0x0000000018595800 JavaThread "VideoManager" [_thread_in_Java, id=11052, stack(0x000000001a6e0000,0x000000001a7e0000)]
  0x0000000018595000 JavaThread "NavDataManager" [_thread_in_native, id=3224, stack(0x000000001a5e0000,0x000000001a6e0000)]
  0x000000001940b000 JavaThread "CommandManager" [_thread_blocked, id=3948, stack(0x000000001a3e0000,0x000000001a4e0000)]
  0x0000000019358800 JavaThread "YADrone CommandManager Timer" [_thread_blocked, id=3276, stack(0x000000001a1e0000,0x000000001a2e0000)]
  0x000000001905f800 JavaThread "JavaCPP Deallocator" daemon [_thread_blocked, id=10148, stack(0x000000001a0e0000,0x000000001a1e0000)]
  0x000000001834a800 JavaThread "Service Thread" daemon [_thread_blocked, id=4732, stack(0x0000000018710000,0x0000000018810000)]
  0x000000001699a000 JavaThread "C1 CompilerThread2" daemon [_thread_blocked, id=6032, stack(0x0000000018210000,0x0000000018310000)]
  0x0000000016997800 JavaThread "C2 CompilerThread1" daemon [_thread_blocked, id=1440, stack(0x0000000018110000,0x0000000018210000)]
  0x0000000016993000 JavaThread "C2 CompilerThread0" daemon [_thread_blocked, id=9268, stack(0x0000000018010000,0x0000000018110000)]
  0x0000000016991800 JavaThread "Attach Listener" daemon [_thread_blocked, id=5028, stack(0x0000000017f10000,0x0000000018010000)]
  0x0000000016990000 JavaThread "Signal Dispatcher" daemon [_thread_blocked, id=9352, stack(0x0000000017e10000,0x0000000017f10000)]
  0x0000000016979800 JavaThread "Finalizer" daemon [_thread_blocked, id=7232, stack(0x0000000017c20000,0x0000000017d20000)]
  0x00000000030e4000 JavaThread "Reference Handler" daemon [_thread_blocked, id=10816, stack(0x0000000017b20000,0x0000000017c20000)]

Other Threads:
  0x0000000016957800 VMThread [stack: 0x0000000017a20000,0x0000000017b20000] [id=2204]
  0x0000000018362000 WatcherThread [stack: 0x0000000018810000,0x0000000018910000] [id=10384]

VM state:not at safepoint (normal execution)

VM Mutex/Monitor currently owned by a thread: None

Heap:
 PSYoungGen      total 344064K, used 108649K [0x00000000e0800000, 0x0000000100000000, 0x0000000100000000)
  eden space 172032K, 2% used [0x00000000e0800000,0x00000000e0b5e928,0x00000000eb000000)
  from space 172032K, 61% used [0x00000000f5800000,0x00000000fbebbd50,0x0000000100000000)
  to   space 172032K, 0% used [0x00000000eb000000,0x00000000eb000000,0x00000000f5800000)
 ParOldGen       total 258048K, used 185059K [0x00000000a1800000, 0x00000000b1400000, 0x00000000e0800000)
  object space 258048K, 71% used [0x00000000a1800000,0x00000000accb8c78,0x00000000b1400000)
 Metaspace       used 14855K, capacity 15052K, committed 15360K, reserved 1062912K
  class space    used 1633K, capacity 1711K, committed 1792K, reserved 1048576K

Card table byte_map: [0x00000000124b0000,0x00000000127b0000] byte_map_base: 0x0000000011fa4000

Marking Bits: (ParMarkBitMap*) 0x000000006c9bb6d0
 Begin Bits: [0x0000000012db0000, 0x0000000014550000)
 End Bits:   [0x0000000014550000, 0x0000000015cf0000)

Polling page: 0x0000000001400000

CodeCache: size=245760Kb used=5861Kb max_used=5874Kb free=239898Kb
 bounds [0x00000000030f0000, 0x00000000036c0000, 0x00000000120f0000]
 total_blobs=2316 nmethods=1685 adapters=544
 compilation: enabled

Compilation events (10 events):
Event: 72.159 Thread 0x0000000016997800 nmethod 1794 0x00000000036b0f50 code [0x00000000036b1160, 0x00000000036b1e20]
Event: 72.171 Thread 0x0000000016993000 1795       4       java.util.concurrent.ThreadPoolExecutor::runStateAtLeast (11 bytes)
Event: 72.172 Thread 0x0000000016993000 nmethod 1795 0x00000000032cbe50 code [0x00000000032cbf80, 0x00000000032cbfd8]
Event: 72.409 Thread 0x0000000016997800 1796   !   4       java.net.AbstractPlainSocketImpl::releaseFD (74 bytes)
Event: 72.409 Thread 0x0000000016993000 1797   !   4       com.xuggle.xuggler.io.InputOutputStreamHandler::read (62 bytes)
Event: 72.411 Thread 0x0000000016997800 nmethod 1796 0x00000000036a8a90 code [0x00000000036a8bc0, 0x00000000036a8e38]
Event: 72.412 Thread 0x0000000016993000 nmethod 1797 0x00000000036a8510 code [0x00000000036a8660, 0x00000000036a87e8]
Event: 73.862 Thread 0x0000000016997800 1798   !   4       java.net.AbstractPlainSocketImpl::isConnectionReset (31 bytes)
Event: 73.864 Thread 0x0000000016997800 nmethod 1798 0x00000000036aa350 code [0x00000000036aa480, 0x00000000036aa6f8]
Event: 74.826 Thread 0x0000000016993000 1799       4       com.xuggle.ferry.JNINativeFinalizer::finalize (7 bytes)

GC Heap History (10 events):
Event: 61.823 GC heap before
{Heap before GC invocations=26 (full 4):
 PSYoungGen      total 344064K, used 278645K [0x00000000e0800000, 0x0000000100000000, 0x0000000100000000)
  eden space 172032K, 100% used [0x00000000e0800000,0x00000000eb000000,0x00000000eb000000)
  from space 172032K, 61% used [0x00000000eb000000,0x00000000f181d610,0x00000000f5800000)
  to   space 172032K, 0% used [0x00000000f5800000,0x00000000f5800000,0x0000000100000000)
 ParOldGen       total 258048K, used 181042K [0x00000000a1800000, 0x00000000b1400000, 0x00000000e0800000)
  object space 258048K, 70% used [0x00000000a1800000,0x00000000ac8cc8b8,0x00000000b1400000)
 Metaspace       used 14846K, capacity 15052K, committed 15360K, reserved 1062912K
  class space    used 1633K, capacity 1711K, committed 1792K, reserved 1048576K
Event: 61.840 GC heap after
Heap after GC invocations=26 (full 4):
 PSYoungGen      total 344064K, used 104861K [0x00000000e0800000, 0x0000000100000000, 0x0000000100000000)
  eden space 172032K, 0% used [0x00000000e0800000,0x00000000e0800000,0x00000000eb000000)
  from space 172032K, 60% used [0x00000000f5800000,0x00000000fbe67750,0x0000000100000000)
  to   space 172032K, 0% used [0x00000000eb000000,0x00000000eb000000,0x00000000f5800000)
 ParOldGen       total 258048K, used 182793K [0x00000000a1800000, 0x00000000b1400000, 0x00000000e0800000)
  object space 258048K, 70% used [0x00000000a1800000,0x00000000aca82778,0x00000000b1400000)
 Metaspace       used 14846K, capacity 15052K, committed 15360K, reserved 1062912K
  class space    used 1633K, capacity 1711K, committed 1792K, reserved 1048576K
}
Event: 65.108 GC heap before
{Heap before GC invocations=27 (full 4):
 PSYoungGen      total 344064K, used 276893K [0x00000000e0800000, 0x0000000100000000, 0x0000000100000000)
  eden space 172032K, 100% used [0x00000000e0800000,0x00000000eb000000,0x00000000eb000000)
  from space 172032K, 60% used [0x00000000f5800000,0x00000000fbe67750,0x0000000100000000)
  to   space 172032K, 0% used [0x00000000eb000000,0x00000000eb000000,0x00000000f5800000)
 ParOldGen       total 258048K, used 182793K [0x00000000a1800000, 0x00000000b1400000, 0x00000000e0800000)
  object space 258048K, 70% used [0x00000000a1800000,0x00000000aca82778,0x00000000b1400000)
 Metaspace       used 14846K, capacity 15052K, committed 15360K, reserved 1062912K
  class space    used 1633K, capacity 1711K, committed 1792K, reserved 1048576K
Event: 65.125 GC heap after
Heap after GC invocations=27 (full 4):
 PSYoungGen      total 344064K, used 107224K [0x00000000e0800000, 0x0000000100000000, 0x0000000100000000)
  eden space 172032K, 0% used [0x00000000e0800000,0x00000000e0800000,0x00000000eb000000)
  from space 172032K, 62% used [0x00000000eb000000,0x00000000f18b6250,0x00000000f5800000)
  to   space 172032K, 0% used [0x00000000f5800000,0x00000000f5800000,0x0000000100000000)
 ParOldGen       total 258048K, used 183870K [0x00000000a1800000, 0x00000000b1400000, 0x00000000e0800000)
  object space 258048K, 71% used [0x00000000a1800000,0x00000000acb8f9f8,0x00000000b1400000)
 Metaspace       used 14846K, capacity 15052K, committed 15360K, reserved 1062912K
  class space    used 1633K, capacity 1711K, committed 1792K, reserved 1048576K
}
Event: 68.319 GC heap before
{Heap before GC invocations=28 (full 4):
 PSYoungGen      total 344064K, used 279256K [0x00000000e0800000, 0x0000000100000000, 0x0000000100000000)
  eden space 172032K, 100% used [0x00000000e0800000,0x00000000eb000000,0x00000000eb000000)
  from space 172032K, 62% used [0x00000000eb000000,0x00000000f18b6250,0x00000000f5800000)
  to   space 172032K, 0% used [0x00000000f5800000,0x00000000f5800000,0x0000000100000000)
 ParOldGen       total 258048K, used 183870K [0x00000000a1800000, 0x00000000b1400000, 0x00000000e0800000)
  object space 258048K, 71% used [0x00000000a1800000,0x00000000acb8f9f8,0x00000000b1400000)
 Metaspace       used 14855K, capacity 15052K, committed 15360K, reserved 1062912K
  class space    used 1633K, capacity 1711K, committed 1792K, reserved 1048576K
Event: 68.336 GC heap after
Heap after GC invocations=28 (full 4):
 PSYoungGen      total 344064K, used 104524K [0x00000000e0800000, 0x0000000100000000, 0x0000000100000000)
  eden space 172032K, 0% used [0x00000000e0800000,0x00000000e0800000,0x00000000eb000000)
  from space 172032K, 60% used [0x00000000f5800000,0x00000000fbe13110,0x0000000100000000)
  to   space 172032K, 0% used [0x00000000eb000000,0x00000000eb000000,0x00000000f5800000)
 ParOldGen       total 258048K, used 184272K [0x00000000a1800000, 0x00000000b1400000, 0x00000000e0800000)
  object space 258048K, 71% used [0x00000000a1800000,0x00000000acbf4038,0x00000000b1400000)
 Metaspace       used 14855K, capacity 15052K, committed 15360K, reserved 1062912K
  class space    used 1633K, capacity 1711K, committed 1792K, reserved 1048576K
}
Event: 71.587 GC heap before
{Heap before GC invocations=29 (full 4):
 PSYoungGen      total 344064K, used 276222K [0x00000000e0800000, 0x0000000100000000, 0x0000000100000000)
  eden space 172032K, 99% used [0x00000000e0800000,0x00000000eafac7f8,0x00000000eb000000)
  from space 172032K, 60% used [0x00000000f5800000,0x00000000fbe13110,0x0000000100000000)
  to   space 172032K, 0% used [0x00000000eb000000,0x00000000eb000000,0x00000000f5800000)
 ParOldGen       total 258048K, used 184272K [0x00000000a1800000, 0x00000000b1400000, 0x00000000e0800000)
  object space 258048K, 71% used [0x00000000a1800000,0x00000000acbf4038,0x00000000b1400000)
 Metaspace       used 14855K, capacity 15052K, committed 15360K, reserved 1062912K
  class space    used 1633K, capacity 1711K, committed 1792K, reserved 1048576K
Event: 71.604 GC heap after
Heap after GC invocations=29 (full 4):
 PSYoungGen      total 344064K, used 106887K [0x00000000e0800000, 0x0000000100000000, 0x0000000100000000)
  eden space 172032K, 0% used [0x00000000e0800000,0x00000000e0800000,0x00000000eb000000)
  from space 172032K, 62% used [0x00000000eb000000,0x00000000f1861c10,0x00000000f5800000)
  to   space 172032K, 0% used [0x00000000f5800000,0x00000000f5800000,0x0000000100000000)
 ParOldGen       total 258048K, used 185003K [0x00000000a1800000, 0x00000000b1400000, 0x00000000e0800000)
  object space 258048K, 71% used [0x00000000a1800000,0x00000000accaac78,0x00000000b1400000)
 Metaspace       used 14855K, capacity 15052K, committed 15360K, reserved 1062912K
  class space    used 1633K, capacity 1711K, committed 1792K, reserved 1048576K
}
Event: 74.802 GC heap before
{Heap before GC invocations=30 (full 4):
 PSYoungGen      total 344064K, used 278919K [0x00000000e0800000, 0x0000000100000000, 0x0000000100000000)
  eden space 172032K, 100% used [0x00000000e0800000,0x00000000eb000000,0x00000000eb000000)
  from space 172032K, 62% used [0x00000000eb000000,0x00000000f1861c10,0x00000000f5800000)
  to   space 172032K, 0% used [0x00000000f5800000,0x00000000f5800000,0x0000000100000000)
 ParOldGen       total 258048K, used 185003K [0x00000000a1800000, 0x00000000b1400000, 0x00000000e0800000)
  object space 258048K, 71% used [0x00000000a1800000,0x00000000accaac78,0x00000000b1400000)
 Metaspace       used 14855K, capacity 15052K, committed 15360K, reserved 1062912K
  class space    used 1633K, capacity 1711K, committed 1792K, reserved 1048576K
Event: 74.819 GC heap after
Heap after GC invocations=30 (full 4):
 PSYoungGen      total 344064K, used 105199K [0x00000000e0800000, 0x0000000100000000, 0x0000000100000000)
  eden space 172032K, 0% used [0x00000000e0800000,0x00000000e0800000,0x00000000eb000000)
  from space 172032K, 61% used [0x00000000f5800000,0x00000000fbebbd50,0x0000000100000000)
  to   space 172032K, 0% used [0x00000000eb000000,0x00000000eb000000,0x00000000f5800000)
 ParOldGen       total 258048K, used 185059K [0x00000000a1800000, 0x00000000b1400000, 0x00000000e0800000)
  object space 258048K, 71% used [0x00000000a1800000,0x00000000accb8c78,0x00000000b1400000)
 Metaspace       used 14855K, capacity 15052K, committed 15360K, reserved 1062912K
  class space    used 1633K, capacity 1711K, committed 1792K, reserved 1048576K
}

Deoptimization events (10 events):
Event: 15.373 Thread 0x0000000018595800 Uncommon trap: reason=class_check action=maybe_recompile pc=0x000000000349f998 method=org.bytedeco.javacv.Java2DFrameConverter.flipCopyWithGamma(Ljava/nio/ByteBuffer;ILjava/nio/ByteBuffer;IZDZI)V @ 492
Event: 15.423 Thread 0x0000000018595800 Uncommon trap: reason=predicate action=maybe_recompile pc=0x00000000034eae04 method=org.bytedeco.javacv.Java2DFrameConverter.flipCopyWithGamma(Ljava/nio/ByteBuffer;ILjava/nio/ByteBuffer;IZDZI)V @ 491
Event: 15.463 Thread 0x0000000018595800 Uncommon trap: reason=speculate_class_check action=maybe_recompile pc=0x00000000034f2908 method=org.bytedeco.javacv.Java2DFrameConverter.flipCopyWithGamma(Ljava/nio/ByteBuffer;ILjava/nio/ByteBuffer;IZDZI)V @ 492
Event: 15.489 Thread 0x0000000018595800 Uncommon trap: reason=speculate_class_check action=maybe_recompile pc=0x00000000034f2908 method=org.bytedeco.javacv.Java2DFrameConverter.flipCopyWithGamma(Ljava/nio/ByteBuffer;ILjava/nio/ByteBuffer;IZDZI)V @ 492
Event: 15.505 Thread 0x0000000018595800 Uncommon trap: reason=speculate_class_check action=maybe_recompile pc=0x00000000034f2908 method=org.bytedeco.javacv.Java2DFrameConverter.flipCopyWithGamma(Ljava/nio/ByteBuffer;ILjava/nio/ByteBuffer;IZDZI)V @ 492
Event: 15.521 Thread 0x0000000018595800 Uncommon trap: reason=speculate_class_check action=maybe_recompile pc=0x00000000034f2908 method=org.bytedeco.javacv.Java2DFrameConverter.flipCopyWithGamma(Ljava/nio/ByteBuffer;ILjava/nio/ByteBuffer;IZDZI)V @ 492
Event: 15.558 Thread 0x0000000018595800 Uncommon trap: reason=speculate_class_check action=maybe_recompile pc=0x00000000034f4e94 method=org.bytedeco.javacv.Java2DFrameConverter.flipCopyWithGamma(Ljava/nio/ByteBuffer;ILjava/nio/ByteBuffer;IZDZI)V @ 582
Event: 15.574 Thread 0x0000000018595800 Uncommon trap: reason=speculate_class_check action=maybe_recompile pc=0x00000000034f4e94 method=org.bytedeco.javacv.Java2DFrameConverter.flipCopyWithGamma(Ljava/nio/ByteBuffer;ILjava/nio/ByteBuffer;IZDZI)V @ 582
Event: 20.892 Thread 0x0000000019322800 Uncommon trap: reason=unstable_if action=reinterpret pc=0x0000000003584a0c method=java.util.concurrent.SynchronousQueue$TransferStack.awaitFulfill(Ljava/util/concurrent/SynchronousQueue$TransferStack$SNode;ZJ)Ljava/util/concurrent/SynchronousQueue$Transfe
Event: 35.010 Thread 0x0000000018595800 Uncommon trap: reason=predicate action=maybe_recompile pc=0x0000000003681dd8 method=java.util.concurrent.SynchronousQueue$TransferStack.transfer(Ljava/lang/Object;ZJ)Ljava/lang/Object; @ 14

Internal exceptions (10 events):
Event: 0.275 Thread 0x0000000002ff4000 Exception <a 'java/security/PrivilegedActionException'> (0x00000000e0bdd568) thrown at [C:\re\workspace\8-2-build-windows-amd64-cygwin\jdk8u121\8372\hotspot\src\share\vm\prims\jvm.cpp, line 1390]
Event: 0.275 Thread 0x0000000002ff4000 Exception <a 'java/security/PrivilegedActionException'> (0x00000000e0bde7d8) thrown at [C:\re\workspace\8-2-build-windows-amd64-cygwin\jdk8u121\8372\hotspot\src\share\vm\prims\jvm.cpp, line 1390]
Event: 0.275 Thread 0x0000000002ff4000 Exception <a 'java/security/PrivilegedActionException'> (0x00000000e0bde9e8) thrown at [C:\re\workspace\8-2-build-windows-amd64-cygwin\jdk8u121\8372\hotspot\src\share\vm\prims\jvm.cpp, line 1390]
Event: 5.686 Thread 0x0000000002ff4000 Exception <a 'java/io/FileNotFoundException'> (0x00000000e1895c08) thrown at [C:\re\workspace\8-2-build-windows-amd64-cygwin\jdk8u121\8372\hotspot\src\share\vm\prims\jni.cpp, line 709]
Event: 5.748 Thread 0x0000000002ff4000 Exception <a 'java/lang/NoSuchFieldError': method resolution failed> (0x00000000e1bc9028) thrown at [C:\re\workspace\8-2-build-windows-amd64-cygwin\jdk8u121\8372\hotspot\src\share\vm\prims\methodHandles.cpp, line 1146]
Event: 5.751 Thread 0x0000000002ff4000 Exception <a 'java/lang/NoSuchFieldError': method resolution failed> (0x00000000e1bd63c8) thrown at [C:\re\workspace\8-2-build-windows-amd64-cygwin\jdk8u121\8372\hotspot\src\share\vm\prims\methodHandles.cpp, line 1146]
Event: 5.850 Thread 0x0000000002ff4000 Exception <a 'java/io/FileNotFoundException'> (0x00000000e1d813a0) thrown at [C:\re\workspace\8-2-build-windows-amd64-cygwin\jdk8u121\8372\hotspot\src\share\vm\prims\jni.cpp, line 709]
Event: 5.905 Thread 0x0000000002ff4000 Implicit null exception at 0x0000000003348756 to 0x0000000003348af9
Event: 5.906 Thread 0x0000000002ff4000 Implicit null exception at 0x000000000332eb96 to 0x000000000332ef39
Event: 5.911 Thread 0x0000000002ff4000 Implicit null exception at 0x00000000033aa515 to 0x00000000033aa6e5

Events (10 events):
Event: 61.840 Executing VM operation: ParallelGCFailedAllocation done
Event: 65.107 Executing VM operation: ParallelGCFailedAllocation
Event: 65.125 Executing VM operation: ParallelGCFailedAllocation done
Event: 66.867 Thread 0x0000000019326000 Thread added: 0x0000000019326000
Event: 68.318 Executing VM operation: ParallelGCFailedAllocation
Event: 68.336 Executing VM operation: ParallelGCFailedAllocation done
Event: 71.586 Executing VM operation: ParallelGCFailedAllocation
Event: 71.604 Executing VM operation: ParallelGCFailedAllocation done
Event: 74.801 Executing VM operation: ParallelGCFailedAllocation
Event: 74.819 Executing VM operation: ParallelGCFailedAllocation done


Dynamic libraries:
0x00007ff7e1cd0000 - 0x00007ff7e1d07000 	C:\Program Files\Java\jdk1.8.0_121\bin\javaw.exe
0x00007fff7f460000 - 0x00007fff7f63b000 	C:\WINDOWS\SYSTEM32\ntdll.dll
0x00007fff7c9c0000 - 0x00007fff7ca6e000 	C:\WINDOWS\System32\KERNEL32.DLL
0x00007fff7c260000 - 0x00007fff7c4a9000 	C:\WINDOWS\System32\KERNELBASE.dll
0x00007fff7d420000 - 0x00007fff7d4c1000 	C:\WINDOWS\System32\ADVAPI32.dll
0x00007fff7f010000 - 0x00007fff7f0ad000 	C:\WINDOWS\System32\msvcrt.dll
0x00007fff7d730000 - 0x00007fff7d789000 	C:\WINDOWS\System32\sechost.dll
0x00007fff7ec10000 - 0x00007fff7ed35000 	C:\WINDOWS\System32\RPCRT4.dll
0x00007fff7cb20000 - 0x00007fff7cc6a000 	C:\WINDOWS\System32\USER32.dll
0x00007fff7b980000 - 0x00007fff7b99e000 	C:\WINDOWS\System32\win32u.dll
0x00007fff7ee50000 - 0x00007fff7ee77000 	C:\WINDOWS\System32\GDI32.dll
0x00007fff7c830000 - 0x00007fff7c9b8000 	C:\WINDOWS\System32\gdi32full.dll
0x00007fff7c6e0000 - 0x00007fff7c77a000 	C:\WINDOWS\System32\msvcp_win.dll
0x00007fff7c160000 - 0x00007fff7c256000 	C:\WINDOWS\System32\ucrtbase.dll
0x00007fff6b930000 - 0x00007fff6bb97000 	C:\WINDOWS\WinSxS\amd64_microsoft.windows.common-controls_6595b64144ccf1df_6.0.15063.0_none_108e4f62dfe5d999\COMCTL32.dll
0x00007fff7d0b0000 - 0x00007fff7d3a9000 	C:\WINDOWS\System32\combase.dll
0x00007fff7c0a0000 - 0x00007fff7c10a000 	C:\WINDOWS\System32\bcryptPrimitives.dll
0x00007fff7ebd0000 - 0x00007fff7ebfd000 	C:\WINDOWS\System32\IMM32.DLL
0x000000006be50000 - 0x000000006bf22000 	C:\Program Files\Java\jdk1.8.0_121\jre\bin\msvcr100.dll
0x000000006c1a0000 - 0x000000006ca3b000 	C:\Program Files\Java\jdk1.8.0_121\jre\bin\server\jvm.dll
0x00007fff7efa0000 - 0x00007fff7efa8000 	C:\WINDOWS\System32\PSAPI.DLL
0x00007fff77f40000 - 0x00007fff77f49000 	C:\WINDOWS\SYSTEM32\WSOCK32.dll
0x00007fff7d6c0000 - 0x00007fff7d72c000 	C:\WINDOWS\System32\WS2_32.dll
0x00007fff79290000 - 0x00007fff792b3000 	C:\WINDOWS\SYSTEM32\WINMM.dll
0x00007fff77860000 - 0x00007fff7786a000 	C:\WINDOWS\SYSTEM32\VERSION.dll
0x00007fff79230000 - 0x00007fff7925b000 	C:\WINDOWS\SYSTEM32\WINMMBASE.dll
0x00007fff7c110000 - 0x00007fff7c159000 	C:\WINDOWS\System32\cfgmgr32.dll
0x000000006c0b0000 - 0x000000006c0bf000 	C:\Program Files\Java\jdk1.8.0_121\jre\bin\verify.dll
0x000000006c080000 - 0x000000006c0a9000 	C:\Program Files\Java\jdk1.8.0_121\jre\bin\java.dll
0x000000006c060000 - 0x000000006c076000 	C:\Program Files\Java\jdk1.8.0_121\jre\bin\zip.dll
0x00007fff7d790000 - 0x00007fff7ebc7000 	C:\WINDOWS\System32\SHELL32.dll
0x00007fff7ca70000 - 0x00007fff7cb1a000 	C:\WINDOWS\System32\shcore.dll
0x00007fff7b9a0000 - 0x00007fff7c092000 	C:\WINDOWS\System32\windows.storage.dll
0x00007fff7d3b0000 - 0x00007fff7d401000 	C:\WINDOWS\System32\shlwapi.dll
0x00007fff7b940000 - 0x00007fff7b951000 	C:\WINDOWS\System32\kernel.appcore.dll
0x00007fff7b8d0000 - 0x00007fff7b91c000 	C:\WINDOWS\System32\powrprof.dll
0x00007fff7b960000 - 0x00007fff7b975000 	C:\WINDOWS\System32\profapi.dll
0x00007fff5c6c0000 - 0x00007fff5c7af000 	C:\Users\ivanp\.javacpp\cache\opencv-windows-x86_64.jar\org\bytedeco\javacpp\windows-x86_64\msvcr120.dll
0x00007fff614e0000 - 0x00007fff61586000 	C:\Users\ivanp\.javacpp\cache\opencv-windows-x86_64.jar\org\bytedeco\javacpp\windows-x86_64\msvcp120.dll
0x00007fff3a450000 - 0x00007fff3a6d8000 	C:\Users\ivanp\.javacpp\cache\opencv-windows-x86_64.jar\org\bytedeco\javacpp\windows-x86_64\opencv_core320.dll
0x00007fff386a0000 - 0x00007fff38a02000 	C:\Users\ivanp\.javacpp\cache\opencv-windows-x86_64.jar\org\bytedeco\javacpp\windows-x86_64\opencv_imgproc320.dll
0x00007fff3a200000 - 0x00007fff3a44a000 	C:\Users\ivanp\.javacpp\cache\opencv-windows-x86_64.jar\org\bytedeco\javacpp\windows-x86_64\jniopencv_core.dll
0x000000006c040000 - 0x000000006c05a000 	C:\Program Files\Java\jdk1.8.0_121\jre\bin\net.dll
0x00007fff7ae70000 - 0x00007fff7aecc000 	C:\WINDOWS\system32\mswsock.dll
0x000000006c020000 - 0x000000006c031000 	C:\Program Files\Java\jdk1.8.0_121\jre\bin\nio.dll
0x000000006bcb0000 - 0x000000006be48000 	C:\Program Files\Java\jdk1.8.0_121\jre\bin\awt.dll
0x00007fff7eee0000 - 0x00007fff7efa0000 	C:\WINDOWS\System32\OLEAUT32.dll
0x00007fff794d0000 - 0x00007fff7954e000 	C:\WINDOWS\SYSTEM32\apphelp.dll
0x00007fff7b660000 - 0x00007fff7b677000 	C:\WINDOWS\SYSTEM32\CRYPTSP.dll
0x00007fff7aa90000 - 0x00007fff7aac4000 	C:\WINDOWS\system32\rsaenh.dll
0x00007fff7b7a0000 - 0x00007fff7b7c5000 	C:\WINDOWS\SYSTEM32\bcrypt.dll
0x00007fff7b7d0000 - 0x00007fff7b7f9000 	C:\WINDOWS\SYSTEM32\USERENV.dll
0x00007fff7b010000 - 0x00007fff7b01b000 	C:\WINDOWS\SYSTEM32\CRYPTBASE.dll
0x00007fff7ac10000 - 0x00007fff7ac47000 	C:\WINDOWS\SYSTEM32\IPHLPAPI.DLL
0x00007fff7ec00000 - 0x00007fff7ec08000 	C:\WINDOWS\System32\NSI.dll
0x00007fff79de0000 - 0x00007fff79df6000 	C:\WINDOWS\SYSTEM32\dhcpcsvc6.DLL
0x00007fff7a180000 - 0x00007fff7a19a000 	C:\WINDOWS\SYSTEM32\dhcpcsvc.DLL
0x00007fff77c40000 - 0x00007fff77c6a000 	C:\WINDOWS\system32\DWMAPI.DLL
0x00007fff79660000 - 0x00007fff796f5000 	C:\WINDOWS\system32\uxtheme.dll
0x00007fff6a810000 - 0x00007fff6a931000 	C:\WINDOWS\system32\opengl32.dll
0x00007fff76dd0000 - 0x00007fff76dfc000 	C:\WINDOWS\SYSTEM32\GLU32.dll
0x00007fff7f2f0000 - 0x00007fff7f456000 	C:\WINDOWS\System32\MSCTF.dll
0x00007fff7d570000 - 0x00007fff7d6b5000 	C:\WINDOWS\System32\ole32.dll
0x000000006bc60000 - 0x000000006bca7000 	C:\Program Files\Java\jdk1.8.0_121\jre\bin\fontmanager.dll
0x00007fff73890000 - 0x00007fff73912000 	C:\WINDOWS\System32\TextInputFramework.dll
0x00007fff765d0000 - 0x00007fff768a2000 	C:\WINDOWS\System32\CoreUIComponents.dll
0x00007fff78e20000 - 0x00007fff78f03000 	C:\WINDOWS\System32\CoreMessaging.dll
0x00007fff7a8c0000 - 0x00007fff7a8f1000 	C:\WINDOWS\SYSTEM32\ntmarta.dll
0x00007fff771c0000 - 0x00007fff772f9000 	C:\WINDOWS\SYSTEM32\wintypes.dll
0x00007fff76f10000 - 0x00007fff76f25000 	C:\WINDOWS\SYSTEM32\usermgrcli.dll
0x00007fff4adb0000 - 0x00007fff4aea0000 	C:\Users\ivanp\.javacpp\cache\opencv-windows-x86_64.jar\org\bytedeco\javacpp\windows-x86_64\jniopencv_imgproc.dll
0x000000006e740000 - 0x000000006fda5000 	C:\Users\ivanp\AppData\Local\Temp\xuggle\xuggle3803475761147573971.dll
0x00007fff6b3b0000 - 0x00007fff6b3c8000 	C:\WINDOWS\SYSTEM32\AVICAP32.dll
0x00007fff68e00000 - 0x00007fff68e29000 	C:\WINDOWS\SYSTEM32\MSVFW32.dll
0x00007fff615d0000 - 0x00007fff61639000 	C:\Users\ivanp\.javacpp\cache\artoolkitplus-windows-x86_64.jar\org\bytedeco\javacpp\windows-x86_64\jniARToolKitPlus.dll
0x00007fff7b130000 - 0x00007fff7b2d9000 	C:\WINDOWS\SYSTEM32\dbghelp.dll

VM Arguments:
jvm_args: -Dfile.encoding=Cp1250 
java_command: de.yadrone.main.Main
java_class_path (initial): C:\Users\ivanp\workspace\YADrone_gps\YADrone_GPS\bin;C:\Users\ivanp\workspace\YADrone_gps\YADrone_GPS\lib\core.jar;C:\Users\ivanp\workspace\YADrone_gps\YADrone_GPS\lib\xuggle-xuggler-5.4.jar;C:\Users\ivanp\workspace\YADrone_gps\YADrone_GPS\lib\slf4j-api-1.7.2.jar;C:\Users\ivanp\workspace\YADrone_gps\YADrone_GPS\lib\slf4j-jdk14-1.7.2.jar;C:\Users\ivanp\workspace\YADrone_gps\YADrone_GPS\lib\jfreechart-1.0.13.jar;C:\Users\ivanp\workspace\YADrone_gps\YADrone_GPS\lib\jcommon-1.0.16.jar;C:\Users\ivanp\workspace\YADrone_gps\YADrone_GPS\lib\commons-net-3.2.jar;C:\Users\ivanp\workspace\YADrone_gps\YADrone_GPS\lib\reflections\guava-11.0.2.jar;C:\Users\ivanp\workspace\YADrone_gps\YADrone_GPS\lib\reflections\javassist-3.16.1-GA.jar;C:\Users\ivanp\workspace\YADrone_gps\YADrone_GPS\lib\reflections\reflections-0.9.9-RC1.jar;C:\Users\ivanp\workspace\YADrone_gps\YADrone_GPS\lib\zxing\core-2.2.jar;C:\Users\ivanp\workspace\YADrone_gps\YADrone_GPS\lib\zxing\javase-2.2.jar;C:\Users\ivanp\workspace\ShapeRecognition\javacv-bin;C:\Users\ivanp\workspace\ShapeRecognition\javacv-bin\javacpp.jar;C:\Users\ivanp\workspace\ShapeRecognition\javacv-bin\artoolkitplus.jar;C:\Users\ivanp\workspace\ShapeRecognition\javacv-bin\artoolkitplus-android-arm.jar;C:\Users\ivanp\workspace\ShapeRecognition\javacv-bin\artoolkitplus-android-x86.jar;C:\Users\ivanp\workspace\ShapeRecognition\javacv-bin\artoolkitplus-linux-armhf.jar;C:\Users\ivanp\workspace\ShapeRecognition\javacv-bin\artoolkitplus-linux-ppc64le.jar;C:\Users\ivanp\workspace\ShapeRecognition\javacv-bin\artoolkitplus-linux-x86.jar;C:\Users\ivanp\workspace\ShapeRecognition\javacv-bin\artoolkitplus-linux-x86_64.jar;C:\Users\ivanp\workspace\ShapeRecognition\javacv-bin\artoolkitplus-macosx-x86_64.jar;C:\Users\ivanp\workspace\ShapeRecognition\javacv-bin\artoolkitplus-windows-x86.jar;C:\Users\ivanp\workspace\ShapeRecognition\javacv-bin\artoolkitplus-windows-x86_64.jar;C:\Users\ivanp\workspace\ShapeRecognition\javacv-bin\artoolkit
Launcher Type: SUN_STANDARD

Environment Variables:
PATH=C:/Program Files/Java/jdk1.8.0_121/bin/../jre/bin/server;C:/Program Files/Java/jdk1.8.0_121/bin/../jre/bin;C:/Program Files/Java/jdk1.8.0_121/bin/../jre/lib/amd64;C:\WINDOWS\system32;C:\WINDOWS;C:\WINDOWS\System32\Wbem;C:\WINDOWS\System32\WindowsPowerShell\v1.0\;E:\Programi\PuTTY\;C:\Users\ivanp\.dnx\bin;C:\Program Files\Microsoft DNX\Dnvm\;C:\Program Files\Microsoft SQL Server\130\Tools\Binn\;C:\Program Files (x86)\Skype\Phone\;C:\Program Files (x86)\NVIDIA Corporation\PhysX\Common;C:\Program Files\nodejs\;E:\Programi\Git\cmd;C:\Program Files\Java\jdk1.8.0_121\bin;%OPENCV_DIR%\bin;C:\Users\ivanp\AppData\Local\Microsoft\WindowsApps;C:\Users\ivanp\AppData\Roaming\npm;C:\Users\ivanp\Desktop;
USERNAME=ivanp
OS=Windows_NT
PROCESSOR_IDENTIFIER=Intel64 Family 6 Model 58 Stepping 9, GenuineIntel



---------------  S Y S T E M  ---------------

OS: Windows 10.0 , 64 bit Build 15063 (10.0.15063.296)

CPU:total 4 (2 cores per cpu, 2 threads per core) family 6 model 58 stepping 9, cmov, cx8, fxsr, mmx, sse, sse2, sse3, ssse3, sse4.1, sse4.2, popcnt, avx, clmul, erms, ht, tsc, tscinvbit, tscinv

Memory: 4k page, physical 6191464k(1710616k free), swap 8600780k(3141040k free)

vm_info: Java HotSpot(TM) 64-Bit Server VM (25.121-b13) for windows-amd64 JRE (1.8.0_121-b13), built on Dec 12 2016 18:21:36 by "java_re" with MS VC++ 10.0 (VS2010)

time: Fri Jun 23 19:38:36 2017
elapsed time: 75 seconds (0d 0h 1m 15s)

